Using pre-set license
Built from '2020.3/release' branch; Version is '2020.3.2f1 (8fd9074bf66c) revision 9427207'; Using compiler version '192528614'; Build Type 'Release'
OS: 'Windows 10 Home; OS build 19041.1052; Version 2004; 64bit' Language: 'ru' Physical Memory: 16351 MB
BatchMode: 1, IsHumanControllingUs: 0, StartBugReporterOnCrash: 0, Is64bit: 1, IsPro: 0

 COMMAND LINE ARGUMENTS:
D:\Work\Unity\U\Unity Hub\2020.3.2f1\Editor\Unity.exe
-adb2
-batchMode
-noUpm
-name
AssetImportWorker0
-projectPath
D:/Work/Unity/Projects/Universal-RPG
-logFile
Logs/AssetImportWorker0.log
-srvPort
60315
Successfully changed project path to: D:/Work/Unity/Projects/Universal-RPG
D:/Work/Unity/Projects/Universal-RPG
Using Asset Import Pipeline V2.
Refreshing native plugins compatible for Editor in 32.12 ms, found 0 plugins.
Preloading 0 native plugins for Editor in 0.00 ms.
Initialize engine version: 2020.3.2f1 (8fd9074bf66c)
[Subsystems] Discovering subsystems at path D:/Work/Unity/U/Unity Hub/2020.3.2f1/Editor/Data/Resources/UnitySubsystems
[Subsystems] Discovering subsystems at path D:/Work/Unity/Projects/Universal-RPG/Assets
GfxDevice: creating device client; threaded=0
Direct3D:
    Version:  Direct3D 11.0 [level 11.1]
    Renderer: NVIDIA GeForce GTX 1060 6GB (ID=0x1c03)
    Vendor:   
    VRAM:     6052 MB
    Driver:   27.21.14.6192
Initialize mono
Mono path[0] = 'D:/Work/Unity/U/Unity Hub/2020.3.2f1/Editor/Data/Managed'
Mono path[1] = 'D:/Work/Unity/U/Unity Hub/2020.3.2f1/Editor/Data/MonoBleedingEdge/lib/mono/unityjit'
Mono config path = 'D:/Work/Unity/U/Unity Hub/2020.3.2f1/Editor/Data/MonoBleedingEdge/etc'
Using monoOptions --debugger-agent=transport=dt_socket,embedding=1,server=y,suspend=n,address=127.0.0.1:56236
Begin MonoManager ReloadAssembly
Registering precompiled unity dll's ...
Register platform support module: D:/Work/Unity/U/Unity Hub/2020.3.2f1/Editor/Data/PlaybackEngines/WebGLSupport/UnityEditor.WebGL.Extensions.dll
Register platform support module: D:/Work/Unity/U/Unity Hub/2020.3.2f1/Editor/Data/PlaybackEngines/WindowsStandaloneSupport/UnityEditor.WindowsStandalone.Extensions.dll
Registered in 0.001256 seconds.
Native extension for WindowsStandalone target not found
Native extension for WebGL target not found
Refreshing native plugins compatible for Editor in 28.38 ms, found 0 plugins.
Preloading 0 native plugins for Editor in 0.00 ms.
Invoked RoslynAnalysisRunner static constructor.
RoslynAnalysisRunner will not be running.
RoslynAnalysisRunner has terminated.
Mono: successfully reloaded assembly
- Completed reload, in  1.909 seconds
Platform modules already initialized, skipping
Registering precompiled user dll's ...
Registered in 0.000537 seconds.
Begin MonoManager ReloadAssembly
Native extension for WindowsStandalone target not found
Native extension for WebGL target not found
Refreshing native plugins compatible for Editor in 28.07 ms, found 0 plugins.
Preloading 0 native plugins for Editor in 0.00 ms.
Invoked RoslynAnalysisRunner static constructor.
RoslynAnalysisRunner will not be running.
RoslynAnalysisRunner has terminated.
Mono: successfully reloaded assembly
- Completed reload, in  0.933 seconds
Platform modules already initialized, skipping
========================================================================
Worker process is ready to serve import requests
Launched and connected shader compiler UnityShaderCompiler.exe after 0.06 seconds
Refreshing native plugins compatible for Editor in 0.24 ms, found 0 plugins.
Preloading 0 native plugins for Editor in 0.00 ms.
Unloading 1425 Unused Serialized files (Serialized files now loaded: 0)
System memory in use before: 67.8 MB.
System memory in use after: 67.8 MB.

Unloading 12 unused Assets to reduce memory usage. Loaded Objects now: 1869.
Total: 1.962100 ms (FindLiveObjects: 0.203000 ms CreateObjectMapping: 0.059800 ms MarkObjects: 1.587800 ms  DeleteObjects: 0.110100 ms)

========================================================================
Received Import Request.
  path: Assets/Scripts/ItemSystem.cs
  artifactKey: Guid(0fb881b7774b9a2499906498f8a2ce47) Importer(815301076,1909f56bfc062723c751e8b465ee728b)
Start importing Assets/Scripts/ItemSystem.cs using Guid(0fb881b7774b9a2499906498f8a2ce47) Importer(815301076,1909f56bfc062723c751e8b465ee728b)  -> (artifact id: '0219d8581cb167cbad8fa7da07106aa2') in 0.024750 seconds
  Import took 0.027717 seconds .

========================================================================
Received Import Request.
  Time since last request: 1.908243 seconds.
  path: Assets/Scripts/Items/Item.cs
  artifactKey: Guid(3934753f703612a4e845e8b4b9318ef7) Importer(815301076,1909f56bfc062723c751e8b465ee728b)
Start importing Assets/Scripts/Items/Item.cs using Guid(3934753f703612a4e845e8b4b9318ef7) Importer(815301076,1909f56bfc062723c751e8b465ee728b)  -> (artifact id: 'e5e65b0a565d4dcd0d189bb9fa7dc277') in 0.001842 seconds
  Import took 0.005033 seconds .

========================================================================
Received Import Request.
  Time since last request: 0.030862 seconds.
  path: Assets/Scripts/Items/Item.cs
  artifactKey: Guid(3934753f703612a4e845e8b4b9318ef7) Importer(815301076,1909f56bfc062723c751e8b465ee728b)
Start importing Assets/Scripts/Items/Item.cs using Guid(3934753f703612a4e845e8b4b9318ef7) Importer(815301076,1909f56bfc062723c751e8b465ee728b)  -> (artifact id: 'e5e65b0a565d4dcd0d189bb9fa7dc277') in 0.001787 seconds
  Import took 0.004936 seconds .

========================================================================
Received Import Request.
  Time since last request: 2.842442 seconds.
  path: Assets/Scripts/Items/ItemEnums.cs
  artifactKey: Guid(bbf2c90272ca1884aaa09e3e22f5b195) Importer(815301076,1909f56bfc062723c751e8b465ee728b)
Start importing Assets/Scripts/Items/ItemEnums.cs using Guid(bbf2c90272ca1884aaa09e3e22f5b195) Importer(815301076,1909f56bfc062723c751e8b465ee728b)  -> (artifact id: '6340ba6a43e1fc13bf24fceb886ef878') in 0.001900 seconds
  Import took 0.004744 seconds .

========================================================================
Received Import Request.
  Time since last request: 2.255684 seconds.
  path: Assets/Scripts/Items/ItemInterfaces.cs
  artifactKey: Guid(d12c54c1fb23cb5428e3a5165e8d8f88) Importer(815301076,1909f56bfc062723c751e8b465ee728b)
Start importing Assets/Scripts/Items/ItemInterfaces.cs using Guid(d12c54c1fb23cb5428e3a5165e8d8f88) Importer(815301076,1909f56bfc062723c751e8b465ee728b)  -> (artifact id: 'b18cb2aba136abc6a5501453a73d46a7') in 0.001971 seconds
  Import took 0.004687 seconds .

========================================================================
Received Prepare
Registering precompiled user dll's ...
Registered in 0.000586 seconds.
Begin MonoManager ReloadAssembly
Native extension for WindowsStandalone target not found
Native extension for WebGL target not found
Refreshing native plugins compatible for Editor in 0.77 ms, found 0 plugins.
Preloading 0 native plugins for Editor in 0.00 ms.
Invoked RoslynAnalysisRunner static constructor.
RoslynAnalysisRunner will not be running.
RoslynAnalysisRunner has terminated.
Mono: successfully reloaded assembly
- Completed reload, in  0.862 seconds
Platform modules already initialized, skipping
Refreshing native plugins compatible for Editor in 0.23 ms, found 0 plugins.
Preloading 0 native plugins for Editor in 0.00 ms.
Unloading 1420 Unused Serialized files (Serialized files now loaded: 0)
System memory in use before: 67.9 MB.
System memory in use after: 67.9 MB.

Unloading 5 unused Assets to reduce memory usage. Loaded Objects now: 1872.
Total: 1.988800 ms (FindLiveObjects: 0.196100 ms CreateObjectMapping: 0.054700 ms MarkObjects: 1.630100 ms  DeleteObjects: 0.106800 ms)

========================================================================
Received Prepare
Registering precompiled user dll's ...
Registered in 0.000851 seconds.
Begin MonoManager ReloadAssembly
Native extension for WindowsStandalone target not found
Native extension for WebGL target not found
Refreshing native plugins compatible for Editor in 0.23 ms, found 0 plugins.
Preloading 0 native plugins for Editor in 0.00 ms.
Invoked RoslynAnalysisRunner static constructor.
RoslynAnalysisRunner will not be running.
RoslynAnalysisRunner has terminated.
Mono: successfully reloaded assembly
- Completed reload, in  0.855 seconds
Platform modules already initialized, skipping
Refreshing native plugins compatible for Editor in 0.24 ms, found 0 plugins.
Preloading 0 native plugins for Editor in 0.00 ms.
Unloading 1420 Unused Serialized files (Serialized files now loaded: 0)
System memory in use before: 67.9 MB.
System memory in use after: 68.0 MB.

Unloading 5 unused Assets to reduce memory usage. Loaded Objects now: 1875.
Total: 2.929900 ms (FindLiveObjects: 0.220400 ms CreateObjectMapping: 0.058400 ms MarkObjects: 2.538900 ms  DeleteObjects: 0.096400 ms)

========================================================================
Received Import Request.
  Time since last request: 802.077999 seconds.
  path: Assets/Scripts/Player/Inventory.cs
  artifactKey: Guid(be7dd6f6a7f66ed4b8dc93f2460699e9) Importer(815301076,1909f56bfc062723c751e8b465ee728b)
Start importing Assets/Scripts/Player/Inventory.cs using Guid(be7dd6f6a7f66ed4b8dc93f2460699e9) Importer(815301076,1909f56bfc062723c751e8b465ee728b)  -> (artifact id: '1d76fa2eff6fe9efaad9770b2119a14e') in 0.004327 seconds
  Import took 0.006548 seconds .

========================================================================
Received Import Request.
  Time since last request: 0.027536 seconds.
  path: Assets/Scripts/Player/Inventory.cs
  artifactKey: Guid(be7dd6f6a7f66ed4b8dc93f2460699e9) Importer(815301076,1909f56bfc062723c751e8b465ee728b)
Start importing Assets/Scripts/Player/Inventory.cs using Guid(be7dd6f6a7f66ed4b8dc93f2460699e9) Importer(815301076,1909f56bfc062723c751e8b465ee728b)  -> (artifact id: '1d76fa2eff6fe9efaad9770b2119a14e') in 0.001613 seconds
  Import took 0.003889 seconds .

========================================================================
Received Prepare
Registering precompiled user dll's ...
Registered in 0.001030 seconds.
Begin MonoManager ReloadAssembly
Native extension for WindowsStandalone target not found
Native extension for WebGL target not found
Refreshing native plugins compatible for Editor in 0.34 ms, found 0 plugins.
Preloading 0 native plugins for Editor in 0.00 ms.
Invoked RoslynAnalysisRunner static constructor.
RoslynAnalysisRunner will not be running.
RoslynAnalysisRunner has terminated.
Mono: successfully reloaded assembly
- Completed reload, in  0.894 seconds
Platform modules already initialized, skipping
Refreshing native plugins compatible for Editor in 0.32 ms, found 0 plugins.
Preloading 0 native plugins for Editor in 0.00 ms.
Unloading 1420 Unused Serialized files (Serialized files now loaded: 0)
System memory in use before: 67.9 MB.
System memory in use after: 68.0 MB.

Unloading 5 unused Assets to reduce memory usage. Loaded Objects now: 1878.
Total: 2.252400 ms (FindLiveObjects: 0.239800 ms CreateObjectMapping: 0.070800 ms MarkObjects: 1.893500 ms  DeleteObjects: 0.047200 ms)

========================================================================
Received Import Request.
  Time since last request: 14.961772 seconds.
  path: Assets/Scripts/Player/Inventory.cs
  artifactKey: Guid(be7dd6f6a7f66ed4b8dc93f2460699e9) Importer(815301076,1909f56bfc062723c751e8b465ee728b)
Start importing Assets/Scripts/Player/Inventory.cs using Guid(be7dd6f6a7f66ed4b8dc93f2460699e9) Importer(815301076,1909f56bfc062723c751e8b465ee728b)  -> (artifact id: '30d7a0169264668fd65f7f728e460f35') in 0.004435 seconds
  Import took 0.007045 seconds .

========================================================================
Received Import Request.
  Time since last request: 0.000418 seconds.
  path: Assets/Scripts/Player/Inventory.cs
  artifactKey: Guid(be7dd6f6a7f66ed4b8dc93f2460699e9) Importer(815301076,1909f56bfc062723c751e8b465ee728b)
Start importing Assets/Scripts/Player/Inventory.cs using Guid(be7dd6f6a7f66ed4b8dc93f2460699e9) Importer(815301076,1909f56bfc062723c751e8b465ee728b)  -> (artifact id: '30d7a0169264668fd65f7f728e460f35') in 0.001355 seconds
  Import took 0.003649 seconds .

========================================================================
Received Import Request.
  Time since last request: 55.519082 seconds.
  path: Assets/Scripts/Player/Equipment.cs
  artifactKey: Guid(8c614225b1a957848b57d46398d5a8fd) Importer(815301076,1909f56bfc062723c751e8b465ee728b)
Start importing Assets/Scripts/Player/Equipment.cs using Guid(8c614225b1a957848b57d46398d5a8fd) Importer(815301076,1909f56bfc062723c751e8b465ee728b)  -> (artifact id: '27c13787403581cd2d5576c6ea52a7df') in 0.002827 seconds
  Import took 0.008392 seconds .

========================================================================
Received Prepare
Registering precompiled user dll's ...
Registered in 0.000678 seconds.
Begin MonoManager ReloadAssembly
Native extension for WindowsStandalone target not found
Native extension for WebGL target not found
Refreshing native plugins compatible for Editor in 0.24 ms, found 0 plugins.
Preloading 0 native plugins for Editor in 0.00 ms.
Invoked RoslynAnalysisRunner static constructor.
RoslynAnalysisRunner will not be running.
RoslynAnalysisRunner has terminated.
Mono: successfully reloaded assembly
- Completed reload, in  0.890 seconds
Platform modules already initialized, skipping
Refreshing native plugins compatible for Editor in 0.24 ms, found 0 plugins.
Preloading 0 native plugins for Editor in 0.00 ms.
Unloading 1421 Unused Serialized files (Serialized files now loaded: 0)
System memory in use before: 67.9 MB.
System memory in use after: 68.0 MB.

Unloading 5 unused Assets to reduce memory usage. Loaded Objects now: 1882.
Total: 2.437500 ms (FindLiveObjects: 0.259300 ms CreateObjectMapping: 0.071300 ms MarkObjects: 1.993300 ms  DeleteObjects: 0.112300 ms)

========================================================================
Received Prepare
Registering precompiled user dll's ...
Registered in 0.000715 seconds.
Begin MonoManager ReloadAssembly
Native extension for WindowsStandalone target not found
Native extension for WebGL target not found
Refreshing native plugins compatible for Editor in 0.24 ms, found 0 plugins.
Preloading 0 native plugins for Editor in 0.00 ms.
Invoked RoslynAnalysisRunner static constructor.
RoslynAnalysisRunner will not be running.
RoslynAnalysisRunner has terminated.
Mono: successfully reloaded assembly
- Completed reload, in  0.847 seconds
Platform modules already initialized, skipping
Refreshing native plugins compatible for Editor in 0.24 ms, found 0 plugins.
Preloading 0 native plugins for Editor in 0.00 ms.
Unloading 1421 Unused Serialized files (Serialized files now loaded: 0)
System memory in use before: 68.0 MB.
System memory in use after: 68.0 MB.

Unloading 5 unused Assets to reduce memory usage. Loaded Objects now: 1885.
Total: 2.478200 ms (FindLiveObjects: 0.285100 ms CreateObjectMapping: 0.130200 ms MarkObjects: 1.954000 ms  DeleteObjects: 0.107100 ms)

========================================================================
Received Import Request.
  Time since last request: 982.047344 seconds.
  path: Assets/Scripts/Player/PlayerControl.cs
  artifactKey: Guid(c44003b84a09ebb4c955825865f5b5e7) Importer(815301076,1909f56bfc062723c751e8b465ee728b)
Start importing Assets/Scripts/Player/PlayerControl.cs using Guid(c44003b84a09ebb4c955825865f5b5e7) Importer(815301076,1909f56bfc062723c751e8b465ee728b)  -> (artifact id: 'dbd789cb5b02347e43c03c5cfc79c9e1') in 0.004158 seconds
  Import took 0.006477 seconds .

========================================================================
Received Import Request.
  Time since last request: 0.848359 seconds.
  path: Assets/Scripts/Items/Potions/Potion.cs
  artifactKey: Guid(6e472d030d8bcb243b86dba16da3bcb2) Importer(815301076,1909f56bfc062723c751e8b465ee728b)
Start importing Assets/Scripts/Items/Potions/Potion.cs using Guid(6e472d030d8bcb243b86dba16da3bcb2) Importer(815301076,1909f56bfc062723c751e8b465ee728b)  -> (artifact id: 'a13dbd4f67dc98d35a752f250b176158') in 0.002030 seconds
  Import took 0.005876 seconds .

========================================================================
Received Prepare
Registering precompiled user dll's ...
Registered in 0.000712 seconds.
Begin MonoManager ReloadAssembly
Native extension for WindowsStandalone target not found
Native extension for WebGL target not found
Refreshing native plugins compatible for Editor in 0.24 ms, found 0 plugins.
Preloading 0 native plugins for Editor in 0.00 ms.
Invoked RoslynAnalysisRunner static constructor.
RoslynAnalysisRunner will not be running.
RoslynAnalysisRunner has terminated.
Mono: successfully reloaded assembly
- Completed reload, in  0.843 seconds
Platform modules already initialized, skipping
Refreshing native plugins compatible for Editor in 0.27 ms, found 0 plugins.
Preloading 0 native plugins for Editor in 0.00 ms.
Unloading 1421 Unused Serialized files (Serialized files now loaded: 0)
System memory in use before: 68.0 MB.
System memory in use after: 68.0 MB.

Unloading 5 unused Assets to reduce memory usage. Loaded Objects now: 1888.
Total: 1.878700 ms (FindLiveObjects: 0.258300 ms CreateObjectMapping: 0.039600 ms MarkObjects: 1.507400 ms  DeleteObjects: 0.072500 ms)

========================================================================
Received Import Request.
  Time since last request: 97.432143 seconds.
  path: Assets/Scripts/Items/Potions/Potion.cs
  artifactKey: Guid(6e472d030d8bcb243b86dba16da3bcb2) Importer(815301076,1909f56bfc062723c751e8b465ee728b)
Start importing Assets/Scripts/Items/Potions/Potion.cs using Guid(6e472d030d8bcb243b86dba16da3bcb2) Importer(815301076,1909f56bfc062723c751e8b465ee728b)  -> (artifact id: '23f3a85d0ef006915d5e6c5a300bdc90') in 0.004148 seconds
  Import took 0.008055 seconds .

========================================================================
Received Import Request.
  Time since last request: 81.752927 seconds.
  path: Assets/Scripts/Items/Armor/Armor.cs
  artifactKey: Guid(589d1f67f5fb92843a274dd1afc9862f) Importer(815301076,1909f56bfc062723c751e8b465ee728b)
Start importing Assets/Scripts/Items/Armor/Armor.cs using Guid(589d1f67f5fb92843a274dd1afc9862f) Importer(815301076,1909f56bfc062723c751e8b465ee728b)  -> (artifact id: 'f932c03e350c41f828d91f17385f22fd') in 0.001521 seconds
  Import took 0.004321 seconds .

========================================================================
Received Import Request.
  Time since last request: 5.268719 seconds.
  path: Assets/Scripts/Items/Armor/Armour.cs
  artifactKey: Guid(589d1f67f5fb92843a274dd1afc9862f) Importer(815301076,1909f56bfc062723c751e8b465ee728b)
Start importing Assets/Scripts/Items/Armor/Armour.cs using Guid(589d1f67f5fb92843a274dd1afc9862f) Importer(815301076,1909f56bfc062723c751e8b465ee728b)  -> (artifact id: 'd4f24f9b85a4352e099e96c859cd78ec') in 0.002179 seconds
  Import took 0.005308 seconds .

========================================================================
Received Prepare
Registering precompiled user dll's ...
Registered in 0.000655 seconds.
Begin MonoManager ReloadAssembly
Native extension for WindowsStandalone target not found
Native extension for WebGL target not found
Refreshing native plugins compatible for Editor in 0.24 ms, found 0 plugins.
Preloading 0 native plugins for Editor in 0.00 ms.
Invoked RoslynAnalysisRunner static constructor.
RoslynAnalysisRunner will not be running.
RoslynAnalysisRunner has terminated.
Mono: successfully reloaded assembly
- Completed reload, in  0.860 seconds
Platform modules already initialized, skipping
Refreshing native plugins compatible for Editor in 0.24 ms, found 0 plugins.
Preloading 0 native plugins for Editor in 0.00 ms.
Unloading 1421 Unused Serialized files (Serialized files now loaded: 0)
System memory in use before: 68.0 MB.
System memory in use after: 68.1 MB.

Unloading 5 unused Assets to reduce memory usage. Loaded Objects now: 1891.
Total: 1.911500 ms (FindLiveObjects: 0.206300 ms CreateObjectMapping: 0.047600 ms MarkObjects: 1.581100 ms  DeleteObjects: 0.075300 ms)

========================================================================
Received Import Request.
  Time since last request: 7.388136 seconds.
  path: Assets/Scripts/Items/Armour
  artifactKey: Guid(a27f6e57eaf2b6a4597921d654e0ce8e) Importer(815301076,1909f56bfc062723c751e8b465ee728b)
Start importing Assets/Scripts/Items/Armour using Guid(a27f6e57eaf2b6a4597921d654e0ce8e) Importer(815301076,1909f56bfc062723c751e8b465ee728b)  -> (artifact id: '38418175a2312cb9eaae960ce3f96407') in 0.004853 seconds
  Import took 0.008652 seconds .

========================================================================
Received Prepare
Registering precompiled user dll's ...
Registered in 0.000641 seconds.
Begin MonoManager ReloadAssembly
Native extension for WindowsStandalone target not found
Native extension for WebGL target not found
Refreshing native plugins compatible for Editor in 0.42 ms, found 0 plugins.
Preloading 0 native plugins for Editor in 0.00 ms.
Invoked RoslynAnalysisRunner static constructor.
RoslynAnalysisRunner will not be running.
RoslynAnalysisRunner has terminated.
Mono: successfully reloaded assembly
- Completed reload, in  0.841 seconds
Platform modules already initialized, skipping
Refreshing native plugins compatible for Editor in 0.27 ms, found 0 plugins.
Preloading 0 native plugins for Editor in 0.00 ms.
Unloading 1421 Unused Serialized files (Serialized files now loaded: 0)
System memory in use before: 68.0 MB.
System memory in use after: 68.1 MB.

Unloading 5 unused Assets to reduce memory usage. Loaded Objects now: 1894.
Total: 3.029300 ms (FindLiveObjects: 0.370300 ms CreateObjectMapping: 0.125300 ms MarkObjects: 2.467800 ms  DeleteObjects: 0.064300 ms)

========================================================================
Received Import Request.
  Time since last request: 19.206626 seconds.
  path: Assets/Scripts/Items/Weapons/Sword.cs
  artifactKey: Guid(6c20d68de91ba1441855c0dba94cfe37) Importer(815301076,1909f56bfc062723c751e8b465ee728b)
Start importing Assets/Scripts/Items/Weapons/Sword.cs using Guid(6c20d68de91ba1441855c0dba94cfe37) Importer(815301076,1909f56bfc062723c751e8b465ee728b)  -> (artifact id: '59045c8d7d27fed6afcd010718310f00') in 0.005346 seconds
  Import took 0.008702 seconds .

========================================================================
Received Prepare
Registering precompiled user dll's ...
Registered in 0.000766 seconds.
Begin MonoManager ReloadAssembly
Native extension for WindowsStandalone target not found
Native extension for WebGL target not found
Refreshing native plugins compatible for Editor in 0.24 ms, found 0 plugins.
Preloading 0 native plugins for Editor in 0.00 ms.
Invoked RoslynAnalysisRunner static constructor.
RoslynAnalysisRunner will not be running.
RoslynAnalysisRunner has terminated.
Mono: successfully reloaded assembly
- Completed reload, in  0.858 seconds
Platform modules already initialized, skipping
Refreshing native plugins compatible for Editor in 0.25 ms, found 0 plugins.
Preloading 0 native plugins for Editor in 0.00 ms.
Unloading 1422 Unused Serialized files (Serialized files now loaded: 0)
System memory in use before: 68.0 MB.
System memory in use after: 68.1 MB.

Unloading 5 unused Assets to reduce memory usage. Loaded Objects now: 1898.
Total: 2.166800 ms (FindLiveObjects: 0.266000 ms CreateObjectMapping: 0.044200 ms MarkObjects: 1.774700 ms  DeleteObjects: 0.080100 ms)

========================================================================
Received Prepare
Registering precompiled user dll's ...
Registered in 0.000646 seconds.
Begin MonoManager ReloadAssembly
Native extension for WindowsStandalone target not found
Native extension for WebGL target not found
Refreshing native plugins compatible for Editor in 0.24 ms, found 0 plugins.
Preloading 0 native plugins for Editor in 0.00 ms.
Invoked RoslynAnalysisRunner static constructor.
RoslynAnalysisRunner will not be running.
RoslynAnalysisRunner has terminated.
Mono: successfully reloaded assembly
- Completed reload, in  0.867 seconds
Platform modules already initialized, skipping
Refreshing native plugins compatible for Editor in 0.29 ms, found 0 plugins.
Preloading 0 native plugins for Editor in 0.00 ms.
Unloading 1422 Unused Serialized files (Serialized files now loaded: 0)
System memory in use before: 68.0 MB.
System memory in use after: 68.1 MB.

Unloading 5 unused Assets to reduce memory usage. Loaded Objects now: 1901.
Total: 2.305000 ms (FindLiveObjects: 0.298900 ms CreateObjectMapping: 0.072700 ms MarkObjects: 1.825500 ms  DeleteObjects: 0.106700 ms)

========================================================================
Received Import Request.
  Time since last request: 957.477980 seconds.
  path: Assets/Scripts/Items/Armour/Armour.cs
  artifactKey: Guid(589d1f67f5fb92843a274dd1afc9862f) Importer(815301076,1909f56bfc062723c751e8b465ee728b)
Start importing Assets/Scripts/Items/Armour/Armour.cs using Guid(589d1f67f5fb92843a274dd1afc9862f) Importer(815301076,1909f56bfc062723c751e8b465ee728b)  -> (artifact id: '169c60088b02e91c97cd55938699e55c') in 0.003858 seconds
  Import took 0.006912 seconds .

========================================================================
Received Import Request.
  Time since last request: 7.992835 seconds.
  path: Assets/Scriptables
  artifactKey: Guid(675ba562d004e4248b54375152086c55) Importer(815301076,1909f56bfc062723c751e8b465ee728b)
Start importing Assets/Scriptables using Guid(675ba562d004e4248b54375152086c55) Importer(815301076,1909f56bfc062723c751e8b465ee728b)  -> (artifact id: 'cc9d22582a8a58b8edf8762449170ee2') in 0.001943 seconds
  Import took 0.006070 seconds .

========================================================================
Received Import Request.
  Time since last request: 31.891633 seconds.
  path: Assets/Scriptables/Items
  artifactKey: Guid(d3cb576a4fb5f614d91ff4c9130fedb2) Importer(815301076,1909f56bfc062723c751e8b465ee728b)
Start importing Assets/Scriptables/Items using Guid(d3cb576a4fb5f614d91ff4c9130fedb2) Importer(815301076,1909f56bfc062723c751e8b465ee728b)  -> (artifact id: '11d7cc9014c7e8b69fbf99c1ac629d9a') in 0.002242 seconds
  Import took 0.006671 seconds .

========================================================================
Received Import Request.
  Time since last request: 8.480968 seconds.
  path: Assets/Scriptables/Items/Potions
  artifactKey: Guid(c1274966e101e554d8033edf25cfe535) Importer(815301076,1909f56bfc062723c751e8b465ee728b)
Start importing Assets/Scriptables/Items/Potions using Guid(c1274966e101e554d8033edf25cfe535) Importer(815301076,1909f56bfc062723c751e8b465ee728b)  -> (artifact id: 'efde495014cc980874aa15c8ec3fa0fe') in 0.001911 seconds
  Import took 0.005656 seconds .

========================================================================
Received Import Request.
  Time since last request: 8.045059 seconds.
  path: Assets/Scriptables/Items/Armour
  artifactKey: Guid(6473d103b0c4af845a61b57003331844) Importer(815301076,1909f56bfc062723c751e8b465ee728b)
Start importing Assets/Scriptables/Items/Armour using Guid(6473d103b0c4af845a61b57003331844) Importer(815301076,1909f56bfc062723c751e8b465ee728b)  -> (artifact id: '0b0397f26bca7bb770cae2d29ae94dcc') in 0.002168 seconds
  Import took 0.006557 seconds .

========================================================================
Received Import Request.
  Time since last request: 21.692833 seconds.
  path: Assets/Scriptables/Items/Weapons
  artifactKey: Guid(05375b4a06112894ab3027576c4a8c31) Importer(815301076,1909f56bfc062723c751e8b465ee728b)
Start importing Assets/Scriptables/Items/Weapons using Guid(05375b4a06112894ab3027576c4a8c31) Importer(815301076,1909f56bfc062723c751e8b465ee728b)  -> (artifact id: '184a042aa4693904f6ecab40a4ad5c75') in 0.002867 seconds
  Import took 0.007032 seconds .

========================================================================
Received Import Request.
  Time since last request: 8.968285 seconds.
  path: Assets/Scriptables/Systems
  artifactKey: Guid(631271fa2fc18f240b31e6b1638b5699) Importer(815301076,1909f56bfc062723c751e8b465ee728b)
Start importing Assets/Scriptables/Systems using Guid(631271fa2fc18f240b31e6b1638b5699) Importer(815301076,1909f56bfc062723c751e8b465ee728b)  -> (artifact id: '9efe4a8a8bf8d6b95c3da2c05071757e') in 0.002681 seconds
  Import took 0.005868 seconds .

========================================================================
Received Import Request.
  Time since last request: 29.906501 seconds.
  path: Assets/Scriptables/Items/Weapons/WoodSword.asset
  artifactKey: Guid(62f2b6d4a5accba4e990b9de7880fa88) Importer(815301076,1909f56bfc062723c751e8b465ee728b)
Start importing Assets/Scriptables/Items/Weapons/WoodSword.asset using Guid(62f2b6d4a5accba4e990b9de7880fa88) Importer(815301076,1909f56bfc062723c751e8b465ee728b)  -> (artifact id: '06e5026d24f44cc83d28014d96f9257d') in 0.026376 seconds
  Import took 0.030440 seconds .

========================================================================
Received Import Request.
  Time since last request: 65.934313 seconds.
  path: Assets/Scripts/Items/Armour/Helmet.cs
  artifactKey: Guid(b852ae63bedfa9248bb390c0bda68502) Importer(815301076,1909f56bfc062723c751e8b465ee728b)
Start importing Assets/Scripts/Items/Armour/Helmet.cs using Guid(b852ae63bedfa9248bb390c0bda68502) Importer(815301076,1909f56bfc062723c751e8b465ee728b)  -> (artifact id: '17887e4180476898e2f9784b249bf287') in 0.002425 seconds
  Import took 0.005230 seconds .

========================================================================
Received Prepare
Registering precompiled user dll's ...
Registered in 0.000649 seconds.
Begin MonoManager ReloadAssembly
Native extension for WindowsStandalone target not found
Native extension for WebGL target not found
Refreshing native plugins compatible for Editor in 0.24 ms, found 0 plugins.
Preloading 0 native plugins for Editor in 0.00 ms.
Invoked RoslynAnalysisRunner static constructor.
RoslynAnalysisRunner will not be running.
RoslynAnalysisRunner has terminated.
Mono: successfully reloaded assembly
- Completed reload, in  0.900 seconds
Platform modules already initialized, skipping
Refreshing native plugins compatible for Editor in 0.24 ms, found 0 plugins.
Preloading 0 native plugins for Editor in 0.00 ms.
Unloading 1423 Unused Serialized files (Serialized files now loaded: 0)
System memory in use before: 68.0 MB.
System memory in use after: 68.1 MB.

Unloading 5 unused Assets to reduce memory usage. Loaded Objects now: 1905.
Total: 2.076200 ms (FindLiveObjects: 0.203500 ms CreateObjectMapping: 0.054000 ms MarkObjects: 1.742700 ms  DeleteObjects: 0.075000 ms)

========================================================================
Received Prepare
Registering precompiled user dll's ...
Registered in 0.000719 seconds.
Begin MonoManager ReloadAssembly
Native extension for WindowsStandalone target not found
Native extension for WebGL target not found
Refreshing native plugins compatible for Editor in 0.24 ms, found 0 plugins.
Preloading 0 native plugins for Editor in 0.00 ms.
Invoked RoslynAnalysisRunner static constructor.
RoslynAnalysisRunner will not be running.
RoslynAnalysisRunner has terminated.
Mono: successfully reloaded assembly
- Completed reload, in  0.831 seconds
Platform modules already initialized, skipping
Refreshing native plugins compatible for Editor in 0.24 ms, found 0 plugins.
Preloading 0 native plugins for Editor in 0.00 ms.
Unloading 1423 Unused Serialized files (Serialized files now loaded: 0)
System memory in use before: 68.1 MB.
System memory in use after: 68.1 MB.

Unloading 5 unused Assets to reduce memory usage. Loaded Objects now: 1908.
Total: 2.522700 ms (FindLiveObjects: 0.310500 ms CreateObjectMapping: 0.075100 ms MarkObjects: 2.030800 ms  DeleteObjects: 0.105600 ms)

========================================================================
Received Import Request.
  Time since last request: 143.902585 seconds.
  path: Assets/Scripts/Items/Armour/Helmet.cs
  artifactKey: Guid(b852ae63bedfa9248bb390c0bda68502) Importer(815301076,1909f56bfc062723c751e8b465ee728b)
Start importing Assets/Scripts/Items/Armour/Helmet.cs using Guid(b852ae63bedfa9248bb390c0bda68502) Importer(815301076,1909f56bfc062723c751e8b465ee728b)  -> (artifact id: 'd95e231e22ddce3f219e387e52a0d866') in 0.003884 seconds
  Import took 0.006542 seconds .

========================================================================
Received Prepare
Registering precompiled user dll's ...
Registered in 0.000603 seconds.
Begin MonoManager ReloadAssembly
Native extension for WindowsStandalone target not found
Native extension for WebGL target not found
Refreshing native plugins compatible for Editor in 0.24 ms, found 0 plugins.
Preloading 0 native plugins for Editor in 0.00 ms.
Invoked RoslynAnalysisRunner static constructor.
RoslynAnalysisRunner will not be running.
RoslynAnalysisRunner has terminated.
Mono: successfully reloaded assembly
- Completed reload, in  0.843 seconds
Platform modules already initialized, skipping
Refreshing native plugins compatible for Editor in 0.24 ms, found 0 plugins.
Preloading 0 native plugins for Editor in 0.00 ms.
Unloading 1423 Unused Serialized files (Serialized files now loaded: 0)
System memory in use before: 68.1 MB.
System memory in use after: 68.1 MB.

Unloading 5 unused Assets to reduce memory usage. Loaded Objects now: 1911.
Total: 2.629600 ms (FindLiveObjects: 0.269300 ms CreateObjectMapping: 0.094200 ms MarkObjects: 2.181100 ms  DeleteObjects: 0.083600 ms)

========================================================================
Received Import Request.
  Time since last request: 45.090363 seconds.
  path: Assets/Scripts/Items/Armour/Helmet.cs
  artifactKey: Guid(b852ae63bedfa9248bb390c0bda68502) Importer(815301076,1909f56bfc062723c751e8b465ee728b)
Start importing Assets/Scripts/Items/Armour/Helmet.cs using Guid(b852ae63bedfa9248bb390c0bda68502) Importer(815301076,1909f56bfc062723c751e8b465ee728b)  -> (artifact id: '82419352cda45a636274ea4935082010') in 0.004588 seconds
  Import took 0.007576 seconds .

========================================================================
Received Import Request.
  Time since last request: 23.402671 seconds.
  path: Assets/Scriptables/Items/Armour/LeatherHelmet.asset
  artifactKey: Guid(aa430bd01a6106e4ba87f6d7193b7635) Importer(815301076,1909f56bfc062723c751e8b465ee728b)
Start importing Assets/Scriptables/Items/Armour/LeatherHelmet.asset using Guid(aa430bd01a6106e4ba87f6d7193b7635) Importer(815301076,1909f56bfc062723c751e8b465ee728b)  -> (artifact id: 'b919341a04fd5637b3df4755e7b84d10') in 0.015813 seconds
  Import took 0.020267 seconds .

========================================================================
Received Import Request.
  Time since last request: 32.502377 seconds.
  path: Assets/Scriptables/Items/Armour/LeatherHelmet.asset
  artifactKey: Guid(aa430bd01a6106e4ba87f6d7193b7635) Importer(815301076,1909f56bfc062723c751e8b465ee728b)
Start importing Assets/Scriptables/Items/Armour/LeatherHelmet.asset using Guid(aa430bd01a6106e4ba87f6d7193b7635) Importer(815301076,1909f56bfc062723c751e8b465ee728b)  -> (artifact id: '82ee051c5445fa7343afa247f23c38ef') in 0.006960 seconds
  Import took 0.010894 seconds .

========================================================================
Received Import Request.
  Time since last request: 1.532036 seconds.
  path: Assets/Scriptables/Items/Weapons/WoodSword.asset
  artifactKey: Guid(62f2b6d4a5accba4e990b9de7880fa88) Importer(815301076,1909f56bfc062723c751e8b465ee728b)
Start importing Assets/Scriptables/Items/Weapons/WoodSword.asset using Guid(62f2b6d4a5accba4e990b9de7880fa88) Importer(815301076,1909f56bfc062723c751e8b465ee728b)  -> (artifact id: '5aa7727bc36bdfd1d53be98de7edb633') in 0.002420 seconds
  Import took 0.005166 seconds .

========================================================================
Received Import Request.
  Time since last request: 12.791798 seconds.
  path: Assets/Scriptables/Items/Potions/SmallHealingPotion.asset
  artifactKey: Guid(82c36a4b30d1e9942a0c5adae671a18c) Importer(815301076,1909f56bfc062723c751e8b465ee728b)
Start importing Assets/Scriptables/Items/Potions/SmallHealingPotion.asset using Guid(82c36a4b30d1e9942a0c5adae671a18c) Importer(815301076,1909f56bfc062723c751e8b465ee728b)  -> (artifact id: '1b623445f18d86e32627f99bc2101dcb') in 0.006935 seconds
  Import took 0.010369 seconds .

========================================================================
Received Prepare
Registering precompiled user dll's ...
Registered in 0.000532 seconds.
Begin MonoManager ReloadAssembly
Native extension for WindowsStandalone target not found
Native extension for WebGL target not found
Refreshing native plugins compatible for Editor in 0.24 ms, found 0 plugins.
Preloading 0 native plugins for Editor in 0.00 ms.
Invoked RoslynAnalysisRunner static constructor.
RoslynAnalysisRunner will not be running.
RoslynAnalysisRunner has terminated.
Mono: successfully reloaded assembly
- Completed reload, in  0.808 seconds
Platform modules already initialized, skipping
Refreshing native plugins compatible for Editor in 0.25 ms, found 0 plugins.
Preloading 0 native plugins for Editor in 0.00 ms.
Unloading 1424 Unused Serialized files (Serialized files now loaded: 0)
System memory in use before: 68.1 MB.
System memory in use after: 68.2 MB.

Unloading 5 unused Assets to reduce memory usage. Loaded Objects now: 1915.
Total: 2.054000 ms (FindLiveObjects: 0.195400 ms CreateObjectMapping: 0.046500 ms MarkObjects: 1.730100 ms  DeleteObjects: 0.081000 ms)

========================================================================
Received Import Request.
  Time since last request: 17040.496356 seconds.
  path: Assets/Scripts/Items/ItemStat.cs
  artifactKey: Guid(2a8ca51c9eddf644ab4c50604ea02465) Importer(815301076,1909f56bfc062723c751e8b465ee728b)
Start importing Assets/Scripts/Items/ItemStat.cs using Guid(2a8ca51c9eddf644ab4c50604ea02465) Importer(815301076,1909f56bfc062723c751e8b465ee728b)  -> (artifact id: '57350ea2fce4d0970a8cabb346af8200') in 0.005376 seconds
  Import took 0.033923 seconds .

========================================================================
Received Prepare
Registering precompiled user dll's ...
Registered in 0.000664 seconds.
Begin MonoManager ReloadAssembly
Native extension for WindowsStandalone target not found
Native extension for WebGL target not found
Refreshing native plugins compatible for Editor in 0.23 ms, found 0 plugins.
Preloading 0 native plugins for Editor in 0.00 ms.
Invoked RoslynAnalysisRunner static constructor.
RoslynAnalysisRunner will not be running.
RoslynAnalysisRunner has terminated.
Mono: successfully reloaded assembly
- Completed reload, in  0.835 seconds
Platform modules already initialized, skipping
Refreshing native plugins compatible for Editor in 0.24 ms, found 0 plugins.
Preloading 0 native plugins for Editor in 0.00 ms.
Unloading 1424 Unused Serialized files (Serialized files now loaded: 0)
System memory in use before: 68.1 MB.
System memory in use after: 68.2 MB.

Unloading 5 unused Assets to reduce memory usage. Loaded Objects now: 1918.
Total: 2.355900 ms (FindLiveObjects: 0.218000 ms CreateObjectMapping: 0.054900 ms MarkObjects: 2.004000 ms  DeleteObjects: 0.078100 ms)

========================================================================
Received Import Request.
  Time since last request: 253.582814 seconds.
  path: Assets/Scripts/Items/ItemStat.cs
  artifactKey: Guid(2a8ca51c9eddf644ab4c50604ea02465) Importer(815301076,1909f56bfc062723c751e8b465ee728b)
Start importing Assets/Scripts/Items/ItemStat.cs using Guid(2a8ca51c9eddf644ab4c50604ea02465) Importer(815301076,1909f56bfc062723c751e8b465ee728b)  -> (artifact id: 'c733ab66783953c7dc08c16399e6eb90') in 0.003834 seconds
  Import took 0.027470 seconds .

========================================================================
Received Prepare
Registering precompiled user dll's ...
Registered in 0.000589 seconds.
Begin MonoManager ReloadAssembly
Native extension for WindowsStandalone target not found
Native extension for WebGL target not found
Refreshing native plugins compatible for Editor in 0.36 ms, found 0 plugins.
Preloading 0 native plugins for Editor in 0.00 ms.
Invoked RoslynAnalysisRunner static constructor.
RoslynAnalysisRunner will not be running.
RoslynAnalysisRunner has terminated.
Mono: successfully reloaded assembly
- Completed reload, in  0.819 seconds
Platform modules already initialized, skipping
Refreshing native plugins compatible for Editor in 0.25 ms, found 0 plugins.
Preloading 0 native plugins for Editor in 0.00 ms.
Unloading 1424 Unused Serialized files (Serialized files now loaded: 0)
System memory in use before: 68.1 MB.
System memory in use after: 68.2 MB.

Unloading 5 unused Assets to reduce memory usage. Loaded Objects now: 1921.
Total: 2.224700 ms (FindLiveObjects: 0.285200 ms CreateObjectMapping: 0.279500 ms MarkObjects: 1.580400 ms  DeleteObjects: 0.078300 ms)

========================================================================
Received Prepare
Registering precompiled user dll's ...
Registered in 0.000547 seconds.
Begin MonoManager ReloadAssembly
Native extension for WindowsStandalone target not found
Native extension for WebGL target not found
Refreshing native plugins compatible for Editor in 0.24 ms, found 0 plugins.
Preloading 0 native plugins for Editor in 0.00 ms.
Invoked RoslynAnalysisRunner static constructor.
RoslynAnalysisRunner will not be running.
RoslynAnalysisRunner has terminated.
Mono: successfully reloaded assembly
- Completed reload, in  0.858 seconds
Platform modules already initialized, skipping
Refreshing native plugins compatible for Editor in 0.38 ms, found 0 plugins.
Preloading 0 native plugins for Editor in 0.00 ms.
Unloading 1424 Unused Serialized files (Serialized files now loaded: 0)
System memory in use before: 68.1 MB.
System memory in use after: 68.2 MB.

Unloading 5 unused Assets to reduce memory usage. Loaded Objects now: 1924.
Total: 1.969600 ms (FindLiveObjects: 0.177200 ms CreateObjectMapping: 0.055700 ms MarkObjects: 1.635500 ms  DeleteObjects: 0.100200 ms)

========================================================================
Received Prepare
Registering precompiled user dll's ...
Registered in 0.000621 seconds.
Begin MonoManager ReloadAssembly
Native extension for WindowsStandalone target not found
Native extension for WebGL target not found
Refreshing native plugins compatible for Editor in 0.27 ms, found 0 plugins.
Preloading 0 native plugins for Editor in 0.00 ms.
Invoked RoslynAnalysisRunner static constructor.
RoslynAnalysisRunner will not be running.
RoslynAnalysisRunner has terminated.
Mono: successfully reloaded assembly
- Completed reload, in  0.781 seconds
Platform modules already initialized, skipping
Refreshing native plugins compatible for Editor in 0.24 ms, found 0 plugins.
Preloading 0 native plugins for Editor in 0.00 ms.
Unloading 1424 Unused Serialized files (Serialized files now loaded: 0)
System memory in use before: 68.1 MB.
System memory in use after: 68.2 MB.

Unloading 5 unused Assets to reduce memory usage. Loaded Objects now: 1927.
Total: 2.516600 ms (FindLiveObjects: 0.231100 ms CreateObjectMapping: 0.055100 ms MarkObjects: 2.153300 ms  DeleteObjects: 0.076000 ms)

========================================================================
Received Prepare
Registering precompiled user dll's ...
Registered in 0.000812 seconds.
Begin MonoManager ReloadAssembly
Native extension for WindowsStandalone target not found
Native extension for WebGL target not found
Refreshing native plugins compatible for Editor in 0.24 ms, found 0 plugins.
Preloading 0 native plugins for Editor in 0.00 ms.
Invoked RoslynAnalysisRunner static constructor.
RoslynAnalysisRunner will not be running.
RoslynAnalysisRunner has terminated.
Mono: successfully reloaded assembly
- Completed reload, in  0.854 seconds
Platform modules already initialized, skipping
Refreshing native plugins compatible for Editor in 0.23 ms, found 0 plugins.
Preloading 0 native plugins for Editor in 0.00 ms.
Unloading 1424 Unused Serialized files (Serialized files now loaded: 0)
System memory in use before: 68.1 MB.
System memory in use after: 68.2 MB.

Unloading 5 unused Assets to reduce memory usage. Loaded Objects now: 1930.
Total: 1.944300 ms (FindLiveObjects: 0.219800 ms CreateObjectMapping: 0.045200 ms MarkObjects: 1.587000 ms  DeleteObjects: 0.091400 ms)

========================================================================
Received Prepare
Registering precompiled user dll's ...
Registered in 0.000604 seconds.
Begin MonoManager ReloadAssembly
Native extension for WindowsStandalone target not found
Native extension for WebGL target not found
Refreshing native plugins compatible for Editor in 0.26 ms, found 0 plugins.
Preloading 0 native plugins for Editor in 0.00 ms.
Invoked RoslynAnalysisRunner static constructor.
RoslynAnalysisRunner will not be running.
RoslynAnalysisRunner has terminated.
Mono: successfully reloaded assembly
- Completed reload, in  0.832 seconds
Platform modules already initialized, skipping
Refreshing native plugins compatible for Editor in 0.35 ms, found 0 plugins.
Preloading 0 native plugins for Editor in 0.00 ms.
Unloading 1424 Unused Serialized files (Serialized files now loaded: 0)
System memory in use before: 68.1 MB.
System memory in use after: 68.2 MB.

Unloading 5 unused Assets to reduce memory usage. Loaded Objects now: 1933.
Total: 1.874400 ms (FindLiveObjects: 0.195700 ms CreateObjectMapping: 0.050000 ms MarkObjects: 1.552000 ms  DeleteObjects: 0.074600 ms)

========================================================================
Received Prepare
Registering precompiled user dll's ...
Registered in 0.000707 seconds.
Begin MonoManager ReloadAssembly
Native extension for WindowsStandalone target not found
Native extension for WebGL target not found
Refreshing native plugins compatible for Editor in 0.30 ms, found 0 plugins.
Preloading 0 native plugins for Editor in 0.00 ms.
Invoked RoslynAnalysisRunner static constructor.
RoslynAnalysisRunner will not be running.
RoslynAnalysisRunner has terminated.
Mono: successfully reloaded assembly
- Completed reload, in  0.826 seconds
Platform modules already initialized, skipping
Refreshing native plugins compatible for Editor in 0.31 ms, found 0 plugins.
Preloading 0 native plugins for Editor in 0.00 ms.
Unloading 1424 Unused Serialized files (Serialized files now loaded: 0)
System memory in use before: 68.1 MB.
System memory in use after: 68.2 MB.

Unloading 5 unused Assets to reduce memory usage. Loaded Objects now: 1936.
Total: 2.415000 ms (FindLiveObjects: 0.372800 ms CreateObjectMapping: 0.067800 ms MarkObjects: 1.897100 ms  DeleteObjects: 0.075900 ms)

========================================================================
Received Prepare
Registering precompiled user dll's ...
Registered in 0.000604 seconds.
Begin MonoManager ReloadAssembly
Native extension for WindowsStandalone target not found
Native extension for WebGL target not found
Refreshing native plugins compatible for Editor in 0.24 ms, found 0 plugins.
Preloading 0 native plugins for Editor in 0.00 ms.
Invoked RoslynAnalysisRunner static constructor.
RoslynAnalysisRunner will not be running.
RoslynAnalysisRunner has terminated.
Mono: successfully reloaded assembly
- Completed reload, in  0.824 seconds
Platform modules already initialized, skipping
Refreshing native plugins compatible for Editor in 0.42 ms, found 0 plugins.
Preloading 0 native plugins for Editor in 0.00 ms.
Unloading 1424 Unused Serialized files (Serialized files now loaded: 0)
System memory in use before: 68.2 MB.
System memory in use after: 68.2 MB.

Unloading 5 unused Assets to reduce memory usage. Loaded Objects now: 1939.
Total: 2.030200 ms (FindLiveObjects: 0.154300 ms CreateObjectMapping: 0.045500 ms MarkObjects: 1.730400 ms  DeleteObjects: 0.099200 ms)

========================================================================
Received Prepare
Registering precompiled user dll's ...
Registered in 0.000600 seconds.
Begin MonoManager ReloadAssembly
Native extension for WindowsStandalone target not found
Native extension for WebGL target not found
Refreshing native plugins compatible for Editor in 0.31 ms, found 0 plugins.
Preloading 0 native plugins for Editor in 0.00 ms.
Invoked RoslynAnalysisRunner static constructor.
RoslynAnalysisRunner will not be running.
RoslynAnalysisRunner has terminated.
Mono: successfully reloaded assembly
- Completed reload, in  0.835 seconds
Platform modules already initialized, skipping
Refreshing native plugins compatible for Editor in 0.26 ms, found 0 plugins.
Preloading 0 native plugins for Editor in 0.00 ms.
Unloading 1424 Unused Serialized files (Serialized files now loaded: 0)
System memory in use before: 68.2 MB.
System memory in use after: 68.2 MB.

Unloading 5 unused Assets to reduce memory usage. Loaded Objects now: 1942.
Total: 1.956000 ms (FindLiveObjects: 0.166100 ms CreateObjectMapping: 0.051000 ms MarkObjects: 1.657400 ms  DeleteObjects: 0.080400 ms)

========================================================================
Received Prepare
Registering precompiled user dll's ...
Registered in 0.000834 seconds.
Begin MonoManager ReloadAssembly
Native extension for WindowsStandalone target not found
Native extension for WebGL target not found
Refreshing native plugins compatible for Editor in 0.37 ms, found 0 plugins.
Preloading 0 native plugins for Editor in 0.00 ms.
Invoked RoslynAnalysisRunner static constructor.
RoslynAnalysisRunner will not be running.
RoslynAnalysisRunner has terminated.
Mono: successfully reloaded assembly
- Completed reload, in  0.843 seconds
Platform modules already initialized, skipping
Refreshing native plugins compatible for Editor in 0.25 ms, found 0 plugins.
Preloading 0 native plugins for Editor in 0.00 ms.
Unloading 1424 Unused Serialized files (Serialized files now loaded: 0)
System memory in use before: 68.2 MB.
System memory in use after: 68.3 MB.

Unloading 5 unused Assets to reduce memory usage. Loaded Objects now: 1945.
Total: 2.449200 ms (FindLiveObjects: 0.347400 ms CreateObjectMapping: 0.105400 ms MarkObjects: 1.892400 ms  DeleteObjects: 0.102900 ms)

========================================================================
Received Import Request.
  Time since last request: 1824.568253 seconds.
  path: Assets/Scripts/Items/Interfaces
  artifactKey: Guid(0b12fada6af4e14428d01d9d36e6ccd1) Importer(815301076,1909f56bfc062723c751e8b465ee728b)
Start importing Assets/Scripts/Items/Interfaces using Guid(0b12fada6af4e14428d01d9d36e6ccd1) Importer(815301076,1909f56bfc062723c751e8b465ee728b)  -> (artifact id: '0baa3b4a52e7b8dabda24964c12d71fd') in 0.004789 seconds
  Import took 0.009161 seconds .

========================================================================
Received Import Request.
  Time since last request: 86.545078 seconds.
  path: Assets/Scripts/Items/Interfaces/IUsable.cs
  artifactKey: Guid(900a7b205c90c8f49b368c0f46dec698) Importer(815301076,1909f56bfc062723c751e8b465ee728b)
Start importing Assets/Scripts/Items/Interfaces/IUsable.cs using Guid(900a7b205c90c8f49b368c0f46dec698) Importer(815301076,1909f56bfc062723c751e8b465ee728b)  -> (artifact id: 'fdd21b356401c0eea877e1fed68481ad') in 0.002034 seconds
  Import took 0.027325 seconds .

========================================================================
Received Prepare
Registering precompiled user dll's ...
Registered in 0.000689 seconds.
Begin MonoManager ReloadAssembly
Native extension for WindowsStandalone target not found
Native extension for WebGL target not found
Refreshing native plugins compatible for Editor in 0.24 ms, found 0 plugins.
Preloading 0 native plugins for Editor in 0.00 ms.
Invoked RoslynAnalysisRunner static constructor.
RoslynAnalysisRunner will not be running.
RoslynAnalysisRunner has terminated.
Mono: successfully reloaded assembly
- Completed reload, in  0.903 seconds
Platform modules already initialized, skipping
Refreshing native plugins compatible for Editor in 0.36 ms, found 0 plugins.
Preloading 0 native plugins for Editor in 0.00 ms.
Unloading 1425 Unused Serialized files (Serialized files now loaded: 0)
System memory in use before: 68.2 MB.
System memory in use after: 68.3 MB.

Unloading 5 unused Assets to reduce memory usage. Loaded Objects now: 1949.
Total: 2.431800 ms (FindLiveObjects: 0.240200 ms CreateObjectMapping: 0.061100 ms MarkObjects: 2.050700 ms  DeleteObjects: 0.078700 ms)

========================================================================
Received Import Request.
  Time since last request: 34.219892 seconds.
  path: Assets/Scripts/Items/Interfaces/IEquipable.cs
  artifactKey: Guid(8a96f4fcbbbd45743a002314717c3367) Importer(815301076,1909f56bfc062723c751e8b465ee728b)
Start importing Assets/Scripts/Items/Interfaces/IEquipable.cs using Guid(8a96f4fcbbbd45743a002314717c3367) Importer(815301076,1909f56bfc062723c751e8b465ee728b)  -> (artifact id: '1b372c304c9e0fbdf6defd28a4a61147') in 0.005611 seconds
  Import took 0.008637 seconds .

========================================================================
Received Prepare
Registering precompiled user dll's ...
Registered in 0.000701 seconds.
Begin MonoManager ReloadAssembly
Native extension for WindowsStandalone target not found
Native extension for WebGL target not found
Refreshing native plugins compatible for Editor in 0.28 ms, found 0 plugins.
Preloading 0 native plugins for Editor in 0.00 ms.
Invoked RoslynAnalysisRunner static constructor.
RoslynAnalysisRunner will not be running.
RoslynAnalysisRunner has terminated.
Mono: successfully reloaded assembly
- Completed reload, in  0.856 seconds
Platform modules already initialized, skipping
Refreshing native plugins compatible for Editor in 0.24 ms, found 0 plugins.
Preloading 0 native plugins for Editor in 0.00 ms.
Unloading 1426 Unused Serialized files (Serialized files now loaded: 0)
System memory in use before: 68.2 MB.
System memory in use after: 68.3 MB.

Unloading 5 unused Assets to reduce memory usage. Loaded Objects now: 1953.
Total: 2.203700 ms (FindLiveObjects: 0.208900 ms CreateObjectMapping: 0.052500 ms MarkObjects: 1.851900 ms  DeleteObjects: 0.089000 ms)

========================================================================
Received Import Request.
  Time since last request: 20.473837 seconds.
  path: Assets/Scripts/Items/Interfaces/IEquipable.cs
  artifactKey: Guid(8a96f4fcbbbd45743a002314717c3367) Importer(815301076,1909f56bfc062723c751e8b465ee728b)
Start importing Assets/Scripts/Items/Interfaces/IEquipable.cs using Guid(8a96f4fcbbbd45743a002314717c3367) Importer(815301076,1909f56bfc062723c751e8b465ee728b)  -> (artifact id: '4430a661d2e3f1efd9e16ef049452a47') in 0.005594 seconds
  Import took 0.023785 seconds .

========================================================================
Received Import Request.
  Time since last request: 12.008912 seconds.
  path: Assets/Scripts/Items/Interfaces/IConsumable.cs
  artifactKey: Guid(aacb5a09f97d5a54b82d70219825f233) Importer(815301076,1909f56bfc062723c751e8b465ee728b)
Start importing Assets/Scripts/Items/Interfaces/IConsumable.cs using Guid(aacb5a09f97d5a54b82d70219825f233) Importer(815301076,1909f56bfc062723c751e8b465ee728b)  -> (artifact id: '7ad22f4585ccd0f6f4c597f43cbd8919') in 0.002347 seconds
  Import took 0.028093 seconds .

========================================================================
Received Prepare
Registering precompiled user dll's ...
Registered in 0.000886 seconds.
Begin MonoManager ReloadAssembly
Native extension for WindowsStandalone target not found
Native extension for WebGL target not found
Refreshing native plugins compatible for Editor in 0.28 ms, found 0 plugins.
Preloading 0 native plugins for Editor in 0.00 ms.
Invoked RoslynAnalysisRunner static constructor.
RoslynAnalysisRunner will not be running.
RoslynAnalysisRunner has terminated.
Mono: successfully reloaded assembly
- Completed reload, in  0.842 seconds
Platform modules already initialized, skipping
Refreshing native plugins compatible for Editor in 0.36 ms, found 0 plugins.
Preloading 0 native plugins for Editor in 0.00 ms.
Unloading 1427 Unused Serialized files (Serialized files now loaded: 0)
System memory in use before: 68.3 MB.
System memory in use after: 68.3 MB.

Unloading 5 unused Assets to reduce memory usage. Loaded Objects now: 1957.
Total: 2.187400 ms (FindLiveObjects: 0.181900 ms CreateObjectMapping: 0.055200 ms MarkObjects: 1.857000 ms  DeleteObjects: 0.092100 ms)

========================================================================
Received Prepare
Registering precompiled user dll's ...
Registered in 0.000868 seconds.
Begin MonoManager ReloadAssembly
Native extension for WindowsStandalone target not found
Native extension for WebGL target not found
Refreshing native plugins compatible for Editor in 0.24 ms, found 0 plugins.
Preloading 0 native plugins for Editor in 0.00 ms.
Invoked RoslynAnalysisRunner static constructor.
RoslynAnalysisRunner will not be running.
RoslynAnalysisRunner has terminated.
Mono: successfully reloaded assembly
- Completed reload, in  0.834 seconds
Platform modules already initialized, skipping
Refreshing native plugins compatible for Editor in 0.25 ms, found 0 plugins.
Preloading 0 native plugins for Editor in 0.00 ms.
Unloading 1427 Unused Serialized files (Serialized files now loaded: 0)
System memory in use before: 68.3 MB.
System memory in use after: 68.3 MB.

Unloading 5 unused Assets to reduce memory usage. Loaded Objects now: 1960.
Total: 1.927100 ms (FindLiveObjects: 0.196100 ms CreateObjectMapping: 0.039900 ms MarkObjects: 1.591000 ms  DeleteObjects: 0.099300 ms)

========================================================================
Received Import Request.
  Time since last request: 16.386856 seconds.
  path: Assets/Scripts/Items/Interfaces/IConsumable.cs
  artifactKey: Guid(aacb5a09f97d5a54b82d70219825f233) Importer(815301076,1909f56bfc062723c751e8b465ee728b)
Start importing Assets/Scripts/Items/Interfaces/IConsumable.cs using Guid(aacb5a09f97d5a54b82d70219825f233) Importer(815301076,1909f56bfc062723c751e8b465ee728b)  -> (artifact id: 'a58ef51dbfc585218472e7aad3be0747') in 0.003586 seconds
  Import took 0.032374 seconds .

========================================================================
Received Import Request.
  Time since last request: 5.765481 seconds.
  path: Assets/Scripts/Items/Interfaces/ICharacterizeable.cs
  artifactKey: Guid(2a74733b109f3aa499ff50e263491d75) Importer(815301076,1909f56bfc062723c751e8b465ee728b)
Start importing Assets/Scripts/Items/Interfaces/ICharacterizeable.cs using Guid(2a74733b109f3aa499ff50e263491d75) Importer(815301076,1909f56bfc062723c751e8b465ee728b)  -> (artifact id: '74129ef71483f1d9e44bfa33dce6ddc5') in 0.002209 seconds
  Import took 0.005830 seconds .

========================================================================
Received Prepare
Registering precompiled user dll's ...
Registered in 0.000742 seconds.
Begin MonoManager ReloadAssembly
Native extension for WindowsStandalone target not found
Native extension for WebGL target not found
Refreshing native plugins compatible for Editor in 0.25 ms, found 0 plugins.
Preloading 0 native plugins for Editor in 0.00 ms.
Invoked RoslynAnalysisRunner static constructor.
RoslynAnalysisRunner will not be running.
RoslynAnalysisRunner has terminated.
Mono: successfully reloaded assembly
- Completed reload, in  0.856 seconds
Platform modules already initialized, skipping
Refreshing native plugins compatible for Editor in 0.25 ms, found 0 plugins.
Preloading 0 native plugins for Editor in 0.00 ms.
Unloading 1428 Unused Serialized files (Serialized files now loaded: 0)
System memory in use before: 68.3 MB.
System memory in use after: 68.4 MB.

Unloading 5 unused Assets to reduce memory usage. Loaded Objects now: 1964.
Total: 2.284700 ms (FindLiveObjects: 0.317700 ms CreateObjectMapping: 0.105700 ms MarkObjects: 1.758000 ms  DeleteObjects: 0.102300 ms)

========================================================================
Received Import Request.
  Time since last request: 61.314745 seconds.
  path: Assets/Scripts/Items/Interfaces/ICharacterizeable.cs
  artifactKey: Guid(2a74733b109f3aa499ff50e263491d75) Importer(815301076,1909f56bfc062723c751e8b465ee728b)
Start importing Assets/Scripts/Items/Interfaces/ICharacterizeable.cs using Guid(2a74733b109f3aa499ff50e263491d75) Importer(815301076,1909f56bfc062723c751e8b465ee728b)  -> (artifact id: '0222e2afa8dbb5f513a778399c9ca39e') in 0.005637 seconds
  Import took 0.009715 seconds .

========================================================================
Received Prepare
Registering precompiled user dll's ...
Registered in 0.000872 seconds.
Begin MonoManager ReloadAssembly
Native extension for WindowsStandalone target not found
Native extension for WebGL target not found
Refreshing native plugins compatible for Editor in 0.25 ms, found 0 plugins.
Preloading 0 native plugins for Editor in 0.00 ms.
Invoked RoslynAnalysisRunner static constructor.
RoslynAnalysisRunner will not be running.
RoslynAnalysisRunner has terminated.
Mono: successfully reloaded assembly
- Completed reload, in  0.936 seconds
Platform modules already initialized, skipping
Refreshing native plugins compatible for Editor in 0.35 ms, found 0 plugins.
Preloading 0 native plugins for Editor in 0.00 ms.
Unloading 1428 Unused Serialized files (Serialized files now loaded: 0)
System memory in use before: 68.3 MB.
System memory in use after: 68.4 MB.

Unloading 5 unused Assets to reduce memory usage. Loaded Objects now: 1967.
Total: 2.282600 ms (FindLiveObjects: 0.206700 ms CreateObjectMapping: 0.066500 ms MarkObjects: 1.903800 ms  DeleteObjects: 0.104200 ms)

========================================================================
Received Import Request.
  Time since last request: 60.165218 seconds.
  path: Assets/Scripts/Items/Interfaces/ICharacterizeable.cs
  artifactKey: Guid(2a74733b109f3aa499ff50e263491d75) Importer(815301076,1909f56bfc062723c751e8b465ee728b)
Start importing Assets/Scripts/Items/Interfaces/ICharacterizeable.cs using Guid(2a74733b109f3aa499ff50e263491d75) Importer(815301076,1909f56bfc062723c751e8b465ee728b)  -> (artifact id: '336062b0097ae258bc0734ddcff1d757') in 0.004059 seconds
  Import took 0.024321 seconds .

========================================================================
Received Import Request.
  Time since last request: 63.786278 seconds.
  path: Assets/Scripts/Items/ItemInterfaces.cs
  artifactKey: Guid(d12c54c1fb23cb5428e3a5165e8d8f88) Importer(815301076,1909f56bfc062723c751e8b465ee728b)
Start importing Assets/Scripts/Items/ItemInterfaces.cs using Guid(d12c54c1fb23cb5428e3a5165e8d8f88) Importer(815301076,1909f56bfc062723c751e8b465ee728b)  -> (artifact id: '5febecaf0b1dedb62a1664bfa279eeca') in 0.002191 seconds
  Import took 0.005304 seconds .

========================================================================
Received Prepare
Registering precompiled user dll's ...
Registered in 0.000601 seconds.
Begin MonoManager ReloadAssembly
Native extension for WindowsStandalone target not found
Native extension for WebGL target not found
Refreshing native plugins compatible for Editor in 0.36 ms, found 0 plugins.
Preloading 0 native plugins for Editor in 0.00 ms.
Invoked RoslynAnalysisRunner static constructor.
RoslynAnalysisRunner will not be running.
RoslynAnalysisRunner has terminated.
Mono: successfully reloaded assembly
- Completed reload, in  0.949 seconds
Platform modules already initialized, skipping
Refreshing native plugins compatible for Editor in 0.26 ms, found 0 plugins.
Preloading 0 native plugins for Editor in 0.00 ms.
Unloading 1427 Unused Serialized files (Serialized files now loaded: 0)
System memory in use before: 68.3 MB.
System memory in use after: 68.4 MB.

Unloading 6 unused Assets to reduce memory usage. Loaded Objects now: 1969.
Total: 2.344200 ms (FindLiveObjects: 0.218500 ms CreateObjectMapping: 0.076700 ms MarkObjects: 1.940000 ms  DeleteObjects: 0.107700 ms)

AssetImportWorkerClient::OnTransportError - code=2 error=End of file
